This file contains any messages produced by compilers while
running configure, to aid debugging if configure makes a mistake.

It was created by configure, which was
generated by GNU Autoconf 2.52.  Invocation command line was

  $ ./configure 

## ---------- ##
## Platform.  ##
## ---------- ##

hostname = dyn-129-236-220-65.dyn.columbia.edu
uname -m = x86_64
uname -r = 14.5.0
uname -s = Darwin
uname -v = Darwin Kernel Version 14.5.0: Wed Jul 29 02:26:53 PDT 2015; root:xnu-2782.40.9~1/RELEASE_X86_64

/usr/bin/uname -p = i386
/bin/uname -X     = unknown

/bin/arch              = unknown
/usr/bin/arch -k       = unknown
/usr/convex/getsysinfo = unknown
hostinfo               = Mach kernel version:
	 Darwin Kernel Version 14.5.0: Wed Jul 29 02:26:53 PDT 2015; root:xnu-2782.40.9~1/RELEASE_X86_64
Kernel configured for up to 4 processors.
2 processors are physically available.
4 processors are logically available.
Processor type: x86_64h (Intel x86-64h Haswell)
Processors active: 0 1 2 3
Primary memory available: 16.00 gigabytes
Default processor set: 238 tasks, 1085 threads, 4 processors
Load average: 1.23, Mach factor: 2.76
/bin/machine           = unknown
/usr/bin/oslevel       = unknown
/bin/universe          = unknown

PATH = /usr/local/bin:/usr/bin:/bin:/usr/sbin:/sbin:/opt/X11/bin:/Library/TeX/texbin

## ------------ ##
## Core tests.  ##
## ------------ ##

configure:950: PATH=".;."; conftest.sh
./configure: line 951: conftest.sh: command not found
configure:953: $? = 127
configure:1001: checking for a BSD compatible install
configure:1050: result: /usr/bin/install -c
configure:1061: checking whether build environment is sane
configure:1104: result: yes
configure:1119: checking whether make sets ${MAKE}
configure:1139: result: yes
configure:1167: checking for working aclocal
configure:1178: result: missing
configure:1182: checking for working autoconf
configure:1193: result: missing
configure:1197: checking for working automake
configure:1208: result: missing
configure:1212: checking for working autoheader
configure:1223: result: missing
configure:1227: checking for working makeinfo
configure:1234: result: found
configure:1247: checking for mawk
configure:1273: result: no
configure:1247: checking for gawk
configure:1273: result: no
configure:1247: checking for nawk
configure:1273: result: no
configure:1247: checking for awk
configure:1262: found /usr/bin/awk
configure:1270: result: awk
configure:1323: checking for gcc
configure:1338: found /usr/bin/gcc
configure:1346: result: gcc
configure:1574: checking for C compiler version
configure:1577: gcc --version </dev/null >&5
Configured with: --prefix=/Applications/Xcode.app/Contents/Developer/usr --with-gxx-include-dir=/Applications/Xcode.app/Contents/Developer/Platforms/MacOSX.platform/Developer/SDKs/MacOSX10.11.sdk/usr/include/c++/4.2.1
Apple LLVM version 7.0.0 (clang-700.1.76)
Target: x86_64-apple-darwin14.5.0
Thread model: posix
configure:1580: $? = 0
configure:1582: gcc -v </dev/null >&5
Configured with: --prefix=/Applications/Xcode.app/Contents/Developer/usr --with-gxx-include-dir=/Applications/Xcode.app/Contents/Developer/Platforms/MacOSX.platform/Developer/SDKs/MacOSX10.11.sdk/usr/include/c++/4.2.1
Apple LLVM version 7.0.0 (clang-700.1.76)
Target: x86_64-apple-darwin14.5.0
Thread model: posix
configure:1585: $? = 0
configure:1587: gcc -V </dev/null >&5
clang: error: argument to '-V' is missing (expected 1 value)
clang: error: no input files
configure:1590: $? = 1
configure:1610: checking for C compiler default output
configure:1613: gcc    conftest.c  >&5
configure:1616: $? = 0
configure:1645: result: a.out
configure:1650: checking whether the C compiler works
configure:1656: ./a.out
configure:1659: $? = 0
configure:1674: result: yes
configure:1681: checking whether we are cross compiling
configure:1683: result: no
configure:1686: checking for executable suffix
configure:1688: gcc -o conftest    conftest.c  >&5
configure:1691: $? = 0
configure:1713: result: 
configure:1719: checking for object suffix
configure:1737: gcc -c   conftest.c >&5
configure:1740: $? = 0
configure:1759: result: o
configure:1763: checking whether we are using the GNU C compiler
configure:1784: gcc -c   conftest.c >&5
configure:1787: $? = 0
configure:1790: test -s conftest.o
configure:1793: $? = 0
configure:1805: result: yes
configure:1811: checking whether gcc accepts -g
configure:1829: gcc -c -g  conftest.c >&5
configure:1832: $? = 0
configure:1835: test -s conftest.o
configure:1838: $? = 0
configure:1848: result: yes
configure:1875: gcc -c -g -O2  conftest.c >&5
conftest.c:2:3: error: unknown type name 'choke'
  choke me
  ^
conftest.c:2:11: error: expected ';' after top level declarator
  choke me
          ^
          ;
2 errors generated.
configure:1878: $? = 1
configure: failed program was:
#ifndef __cplusplus
  choke me
#endif
configure:1988: checking for a BSD compatible install
configure:2037: result: /usr/bin/install -c
configure:2048: checking whether ln -s works
configure:2052: result: yes
configure:2065: checking for floor in -lm
configure:2092: gcc -o conftest -g -O2 -Wall   conftest.c -lm   >&5
configure:2081:6: warning: incompatible redeclaration of library function 'floor' [-Wincompatible-library-redeclaration]
char floor ();
     ^
configure:2081:6: note: 'floor' is a builtin with type 'double (double)'
1 warning generated.
configure:2095: $? = 0
configure:2098: test -s conftest
configure:2101: $? = 0
configure:2112: result: yes
configure:2123: checking for gethostbyname in -lnsl
configure:2150: gcc -o conftest -g -O2 -Wall   conftest.c -lnsl  -lm  >&5
ld: library not found for -lnsl
clang: error: linker command failed with exit code 1 (use -v to see invocation)
configure:2153: $? = 1
configure: failed program was:
#line 2131 "configure"
#include "confdefs.h"

/* Override any gcc2 internal prototype to avoid an error.  */
#ifdef __cplusplus
extern "C"
#endif
/* We use char because int might match the return type of a gcc2
   builtin and then its argument prototype would still apply.  */
char gethostbyname ();
int
main ()
{
gethostbyname ();
  ;
  return 0;
}
configure:2170: result: no
configure:2181: checking for bind in -lsocket
configure:2208: gcc -o conftest -g -O2 -Wall   conftest.c -lsocket  -lm  >&5
ld: library not found for -lsocket
clang: error: linker command failed with exit code 1 (use -v to see invocation)
configure:2211: $? = 1
configure: failed program was:
#line 2189 "configure"
#include "confdefs.h"

/* Override any gcc2 internal prototype to avoid an error.  */
#ifdef __cplusplus
extern "C"
#endif
/* We use char because int might match the return type of a gcc2
   builtin and then its argument prototype would still apply.  */
char bind ();
int
main ()
{
bind ();
  ;
  return 0;
}
configure:2228: result: no
configure:2245: checking how to run the C preprocessor
configure:2271: gcc -E  conftest.c
configure:2277: $? = 0
configure:2304: gcc -E  conftest.c
configure:2301:10: fatal error: 'ac_nonexistent.h' file not found
#include <ac_nonexistent.h>
         ^
1 error generated.
configure:2310: $? = 1
configure: failed program was:
#line 2300 "configure"
#include "confdefs.h"
#include <ac_nonexistent.h>
configure:2347: result: gcc -E
configure:2362: gcc -E  conftest.c
configure:2368: $? = 0
configure:2395: gcc -E  conftest.c
configure:2392:10: fatal error: 'ac_nonexistent.h' file not found
#include <ac_nonexistent.h>
         ^
1 error generated.
configure:2401: $? = 1
configure: failed program was:
#line 2391 "configure"
#include "confdefs.h"
#include <ac_nonexistent.h>
configure:2440: checking for ANSI C header files
configure:2454: gcc -E  conftest.c
configure:2460: $? = 0
configure:2547: gcc -o conftest -g -O2 -Wall   conftest.c -lm  >&5
configure:2539:7: warning: implicitly declaring library function 'exit' with type 'void (int) __attribute__((noreturn))'
      exit(2);
      ^
configure:2539:7: note: include the header <stdlib.h> or explicitly provide a declaration for 'exit'
1 warning generated.
configure:2550: $? = 0
configure:2552: ./conftest
configure:2555: $? = 0
configure:2568: result: yes
configure:2581: checking for arpa/inet.h
configure:2591: gcc -E  conftest.c
configure:2597: $? = 0
configure:2616: result: yes
configure:2581: checking for netdb.h
configure:2591: gcc -E  conftest.c
configure:2597: $? = 0
configure:2616: result: yes
configure:2581: checking for netinet/in.h
configure:2591: gcc -E  conftest.c
configure:2597: $? = 0
configure:2616: result: yes
configure:2581: checking for sys/socket.h
configure:2591: gcc -E  conftest.c
configure:2597: $? = 0
configure:2616: result: yes
configure:2581: checking for sys/select.h
configure:2591: gcc -E  conftest.c
configure:2597: $? = 0
configure:2616: result: yes
configure:2581: checking for sys/time.h
configure:2591: gcc -E  conftest.c
configure:2597: $? = 0
configure:2616: result: yes
configure:2581: checking for sys/timeb.h
configure:2591: gcc -E  conftest.c
configure:2597: $? = 0
configure:2616: result: yes
configure:2581: checking for time.h
configure:2591: gcc -E  conftest.c
configure:2597: $? = 0
configure:2616: result: yes
configure:2581: checking for unistd.h
configure:2591: gcc -E  conftest.c
configure:2597: $? = 0
configure:2616: result: yes
configure:2581: checking for limits.h
configure:2591: gcc -E  conftest.c
configure:2597: $? = 0
configure:2616: result: yes
configure:2581: checking for sys/utsname.h
configure:2591: gcc -E  conftest.c
configure:2597: $? = 0
configure:2616: result: yes
configure:2581: checking for sys/param.h
configure:2591: gcc -E  conftest.c
configure:2597: $? = 0
configure:2616: result: yes
configure:2581: checking for rpcsvc/ypclnt.h
configure:2591: gcc -E  conftest.c
configure:2597: $? = 0
configure:2616: result: yes
configure:2639: checking for sys/types.h
configure:2651: gcc -c -g -O2 -Wall  conftest.c >&5
configure:2654: $? = 0
configure:2657: test -s conftest.o
configure:2660: $? = 0
configure:2670: result: yes
configure:2639: checking for sys/stat.h
configure:2651: gcc -c -g -O2 -Wall  conftest.c >&5
configure:2654: $? = 0
configure:2657: test -s conftest.o
configure:2660: $? = 0
configure:2670: result: yes
configure:2639: checking for stdlib.h
configure:2651: gcc -c -g -O2 -Wall  conftest.c >&5
configure:2654: $? = 0
configure:2657: test -s conftest.o
configure:2660: $? = 0
configure:2670: result: yes
configure:2639: checking for string.h
configure:2651: gcc -c -g -O2 -Wall  conftest.c >&5
configure:2654: $? = 0
configure:2657: test -s conftest.o
configure:2660: $? = 0
configure:2670: result: yes
configure:2639: checking for memory.h
configure:2651: gcc -c -g -O2 -Wall  conftest.c >&5
configure:2654: $? = 0
configure:2657: test -s conftest.o
configure:2660: $? = 0
configure:2670: result: yes
configure:2639: checking for strings.h
configure:2651: gcc -c -g -O2 -Wall  conftest.c >&5
configure:2654: $? = 0
configure:2657: test -s conftest.o
configure:2660: $? = 0
configure:2670: result: yes
configure:2639: checking for inttypes.h
configure:2651: gcc -c -g -O2 -Wall  conftest.c >&5
configure:2654: $? = 0
configure:2657: test -s conftest.o
configure:2660: $? = 0
configure:2670: result: yes
configure:2639: checking for stdint.h
configure:2651: gcc -c -g -O2 -Wall  conftest.c >&5
configure:2654: $? = 0
configure:2657: test -s conftest.o
configure:2660: $? = 0
configure:2670: result: yes
configure:2639: checking for unistd.h
configure:2670: result: yes
configure:2680: checking for int8_t
configure:2701: gcc -c -g -O2 -Wall  conftest.c >&5
configure:2704: $? = 0
configure:2707: test -s conftest.o
configure:2710: $? = 0
configure:2720: result: yes
configure:2729: checking for uint8_t
configure:2750: gcc -c -g -O2 -Wall  conftest.c >&5
configure:2753: $? = 0
configure:2756: test -s conftest.o
configure:2759: $? = 0
configure:2769: result: yes
configure:2778: checking for uint16_t
configure:2799: gcc -c -g -O2 -Wall  conftest.c >&5
configure:2802: $? = 0
configure:2805: test -s conftest.o
configure:2808: $? = 0
configure:2818: result: yes
configure:2827: checking for uint32_t
configure:2848: gcc -c -g -O2 -Wall  conftest.c >&5
configure:2851: $? = 0
configure:2854: test -s conftest.o
configure:2857: $? = 0
configure:2867: result: yes
configure:2876: checking for ssize_t
configure:2897: gcc -c -g -O2 -Wall  conftest.c >&5
configure:2900: $? = 0
configure:2903: test -s conftest.o
configure:2906: $? = 0
configure:2916: result: yes
configure:2926: checking for socklen_t
configure:2948: gcc -c -g -O2 -Wall  conftest.c >&5
configure:2951: $? = 0
configure:2954: test -s conftest.o
configure:2957: $? = 0
configure:2967: result: yes
configure:2976: checking for in_addr_t
configure:2998: gcc -c -g -O2 -Wall  conftest.c >&5
configure:3001: $? = 0
configure:3004: test -s conftest.o
configure:3007: $? = 0
configure:3017: result: yes
configure:3026: checking for in_port_t
configure:3048: gcc -c -g -O2 -Wall  conftest.c >&5
configure:3051: $? = 0
configure:3054: test -s conftest.o
configure:3057: $? = 0
configure:3067: result: yes
configure:3081: checking whether gcc needs -traditional
configure:3104:10: fatal error: 'termio.h' file not found
#include <termio.h>
         ^
1 error generated.
configure:3116: result: no
configure:3125: checking return type of signal handlers
configure:3153: gcc -c -g -O2 -Wall  conftest.c >&5
configure:3146:5: warning: unused variable 'i' [-Wunused-variable]
int i;
    ^
1 warning generated.
configure:3156: $? = 0
configure:3159: test -s conftest.o
configure:3162: $? = 0
configure:3172: result: void
configure:3185: checking for floor
configure:3222: gcc -o conftest -g -O2 -Wall   conftest.c -lm  >&5
configure:3201:6: warning: incompatible redeclaration of library function 'floor' [-Wincompatible-library-redeclaration]
char floor ();
     ^
configure:3201:6: note: 'floor' is a builtin with type 'double (double)'
1 warning generated.
configure:3225: $? = 0
configure:3228: test -s conftest
configure:3231: $? = 0
configure:3241: result: yes
configure:3185: checking for ftruncate
configure:3222: gcc -o conftest -g -O2 -Wall   conftest.c -lm  >&5
configure:3225: $? = 0
configure:3228: test -s conftest
configure:3231: $? = 0
configure:3241: result: yes
configure:3185: checking for gethostbyaddr
configure:3222: gcc -o conftest -g -O2 -Wall   conftest.c -lm  >&5
configure:3225: $? = 0
configure:3228: test -s conftest
configure:3231: $? = 0
configure:3241: result: yes
configure:3185: checking for gethostbyname
configure:3222: gcc -o conftest -g -O2 -Wall   conftest.c -lm  >&5
configure:3225: $? = 0
configure:3228: test -s conftest
configure:3231: $? = 0
configure:3241: result: yes
configure:3185: checking for gethostname
configure:3222: gcc -o conftest -g -O2 -Wall   conftest.c -lm  >&5
configure:3225: $? = 0
configure:3228: test -s conftest
configure:3231: $? = 0
configure:3241: result: yes
configure:3185: checking for gettimeofday
configure:3222: gcc -o conftest -g -O2 -Wall   conftest.c -lm  >&5
configure:3225: $? = 0
configure:3228: test -s conftest
configure:3231: $? = 0
configure:3241: result: yes
configure:3185: checking for inet_ntoa
configure:3222: gcc -o conftest -g -O2 -Wall   conftest.c -lm  >&5
configure:3225: $? = 0
configure:3228: test -s conftest
configure:3231: $? = 0
configure:3241: result: yes
configure:3185: checking for memset
configure:3222: gcc -o conftest -g -O2 -Wall   conftest.c -lm  >&5
configure:3201:6: warning: incompatible redeclaration of library function 'memset' [-Wincompatible-library-redeclaration]
char memset ();
     ^
configure:3201:6: note: 'memset' is a builtin with type 'void *(void *, int, unsigned long)'
1 warning generated.
configure:3225: $? = 0
configure:3228: test -s conftest
configure:3231: $? = 0
configure:3241: result: yes
configure:3185: checking for select
configure:3222: gcc -o conftest -g -O2 -Wall   conftest.c -lm  >&5
configure:3225: $? = 0
configure:3228: test -s conftest
configure:3231: $? = 0
configure:3241: result: yes
configure:3185: checking for socket
configure:3222: gcc -o conftest -g -O2 -Wall   conftest.c -lm  >&5
configure:3225: $? = 0
configure:3228: test -s conftest
configure:3231: $? = 0
configure:3241: result: yes
configure:3185: checking for sqrt
configure:3222: gcc -o conftest -g -O2 -Wall   conftest.c -lm  >&5
configure:3201:6: warning: incompatible redeclaration of library function 'sqrt' [-Wincompatible-library-redeclaration]
char sqrt ();
     ^
configure:3201:6: note: 'sqrt' is a builtin with type 'double (double)'
1 warning generated.
configure:3225: $? = 0
configure:3228: test -s conftest
configure:3231: $? = 0
configure:3241: result: yes
configure:3185: checking for strcasecmp
configure:3222: gcc -o conftest -g -O2 -Wall   conftest.c -lm  >&5
configure:3201:6: warning: incompatible redeclaration of library function 'strcasecmp' [-Wincompatible-library-redeclaration]
char strcasecmp ();
     ^
configure:3201:6: note: 'strcasecmp' is a builtin with type 'int (const char *, const char *)'
1 warning generated.
configure:3225: $? = 0
configure:3228: test -s conftest
configure:3231: $? = 0
configure:3241: result: yes
configure:3185: checking for strerror
configure:3222: gcc -o conftest -g -O2 -Wall   conftest.c -lm  >&5
configure:3201:6: warning: incompatible redeclaration of library function 'strerror' [-Wincompatible-library-redeclaration]
char strerror ();
     ^
configure:3201:6: note: 'strerror' is a builtin with type 'char *(int)'
1 warning generated.
configure:3225: $? = 0
configure:3228: test -s conftest
configure:3231: $? = 0
configure:3241: result: yes
configure:3185: checking for strncasecmp
configure:3222: gcc -o conftest -g -O2 -Wall   conftest.c -lm  >&5
configure:3201:6: warning: incompatible redeclaration of library function 'strncasecmp' [-Wincompatible-library-redeclaration]
char strncasecmp ();
     ^
configure:3201:6: note: 'strncasecmp' is a builtin with type 'int (const char *, const char *, unsigned long)'
1 warning generated.
configure:3225: $? = 0
configure:3228: test -s conftest
configure:3231: $? = 0
configure:3241: result: yes
configure:3185: checking for strtol
configure:3222: gcc -o conftest -g -O2 -Wall   conftest.c -lm  >&5
configure:3225: $? = 0
configure:3228: test -s conftest
configure:3231: $? = 0
configure:3241: result: yes
configure:3185: checking for uname
configure:3222: gcc -o conftest -g -O2 -Wall   conftest.c -lm  >&5
configure:3225: $? = 0
configure:3228: test -s conftest
configure:3231: $? = 0
configure:3241: result: yes
configure:3185: checking for ftime
configure:3222: gcc -o conftest -g -O2 -Wall   conftest.c -lm  >&5
configure:3225: $? = 0
configure:3228: test -s conftest
configure:3231: $? = 0
configure:3241: result: yes
configure:3185: checking for getopt
configure:3222: gcc -o conftest -g -O2 -Wall   conftest.c -lm  >&5
configure:3225: $? = 0
configure:3228: test -s conftest
configure:3231: $? = 0
configure:3241: result: yes
configure:3185: checking for setitimer
configure:3222: gcc -o conftest -g -O2 -Wall   conftest.c -lm  >&5
configure:3225: $? = 0
configure:3228: test -s conftest
configure:3231: $? = 0
configure:3241: result: yes
configure:3185: checking for yp_match
configure:3222: gcc -o conftest -g -O2 -Wall   conftest.c -lm  >&5
configure:3225: $? = 0
configure:3228: test -s conftest
configure:3231: $? = 0
configure:3241: result: yes
configure:3363: creating ./config.status

## ----------------------- ##
## Running config.status.  ##
## ----------------------- ##

This file was extended by config.status 2.52, executed with
  CONFIG_FILES    = 
  CONFIG_HEADERS  = 
  CONFIG_LINKS    = 
  CONFIG_COMMANDS = 
  > ./config.status 
on dyn-129-236-220-65.dyn.columbia.edu

config.status:3801: creating Makefile

## ----------------- ##
## Cache variables.  ##
## ----------------- ##

ac_cv_c_compiler_gnu=yes
ac_cv_env_CC_set=
ac_cv_env_CC_value=
ac_cv_env_CFLAGS_set=
ac_cv_env_CFLAGS_value=
ac_cv_env_CPPFLAGS_set=
ac_cv_env_CPPFLAGS_value=
ac_cv_env_CPP_set=
ac_cv_env_CPP_value=
ac_cv_env_LDFLAGS_set=
ac_cv_env_LDFLAGS_value=
ac_cv_env_build_alias_set=
ac_cv_env_build_alias_value=
ac_cv_env_host_alias_set=
ac_cv_env_host_alias_value=
ac_cv_env_target_alias_set=
ac_cv_env_target_alias_value=
ac_cv_func_floor=yes
ac_cv_func_ftime=yes
ac_cv_func_ftruncate=yes
ac_cv_func_gethostbyaddr=yes
ac_cv_func_gethostbyname=yes
ac_cv_func_gethostname=yes
ac_cv_func_getopt=yes
ac_cv_func_gettimeofday=yes
ac_cv_func_inet_ntoa=yes
ac_cv_func_memset=yes
ac_cv_func_select=yes
ac_cv_func_setitimer=yes
ac_cv_func_socket=yes
ac_cv_func_sqrt=yes
ac_cv_func_strcasecmp=yes
ac_cv_func_strerror=yes
ac_cv_func_strncasecmp=yes
ac_cv_func_strtol=yes
ac_cv_func_uname=yes
ac_cv_func_yp_match=yes
ac_cv_header_arpa_inet_h=yes
ac_cv_header_inttypes_h=yes
ac_cv_header_limits_h=yes
ac_cv_header_memory_h=yes
ac_cv_header_netdb_h=yes
ac_cv_header_netinet_in_h=yes
ac_cv_header_rpcsvc_ypclnt_h=yes
ac_cv_header_stdc=yes
ac_cv_header_stdint_h=yes
ac_cv_header_stdlib_h=yes
ac_cv_header_string_h=yes
ac_cv_header_strings_h=yes
ac_cv_header_sys_param_h=yes
ac_cv_header_sys_select_h=yes
ac_cv_header_sys_socket_h=yes
ac_cv_header_sys_stat_h=yes
ac_cv_header_sys_time_h=yes
ac_cv_header_sys_timeb_h=yes
ac_cv_header_sys_types_h=yes
ac_cv_header_sys_utsname_h=yes
ac_cv_header_time_h=yes
ac_cv_header_unistd_h=yes
ac_cv_lib_m_floor=yes
ac_cv_lib_nsl_gethostbyname=no
ac_cv_lib_socket_bind=no
ac_cv_objext=o
ac_cv_path_install='/usr/bin/install -c'
ac_cv_prog_AWK=awk
ac_cv_prog_CPP='gcc -E'
ac_cv_prog_ac_ct_CC=gcc
ac_cv_prog_cc_g=yes
ac_cv_prog_gcc_traditional=no
ac_cv_prog_make_make_set=yes
ac_cv_type_in_addr_t=yes
ac_cv_type_in_port_t=yes
ac_cv_type_int8_t=yes
ac_cv_type_signal=void
ac_cv_type_socklen_t=yes
ac_cv_type_ssize_t=yes
ac_cv_type_uint16_t=yes
ac_cv_type_uint32_t=yes
ac_cv_type_uint8_t=yes

## ------------ ##
## confdefs.h.  ##
## ------------ ##

#define PACKAGE "newudpl"
#define VERSION "1.5"
#define HAVE_LIBM 1
#define STDC_HEADERS 1
#define HAVE_ARPA_INET_H 1
#define HAVE_NETDB_H 1
#define HAVE_NETINET_IN_H 1
#define HAVE_SYS_SOCKET_H 1
#define HAVE_SYS_SELECT_H 1
#define HAVE_SYS_TIME_H 1
#define HAVE_SYS_TIMEB_H 1
#define HAVE_TIME_H 1
#define HAVE_UNISTD_H 1
#define HAVE_LIMITS_H 1
#define HAVE_SYS_UTSNAME_H 1
#define HAVE_SYS_PARAM_H 1
#define HAVE_RPCSVC_YPCLNT_H 1
#define HAVE_SYS_TYPES_H 1
#define HAVE_SYS_STAT_H 1
#define HAVE_STDLIB_H 1
#define HAVE_STRING_H 1
#define HAVE_MEMORY_H 1
#define HAVE_STRINGS_H 1
#define HAVE_INTTYPES_H 1
#define HAVE_STDINT_H 1
#define HAVE_UNISTD_H 1
#define HAVE_INT8_T 1
#define HAVE_UINT8_T 1
#define HAVE_UINT16_T 1
#define HAVE_UINT32_T 1
#define HAVE_SSIZE_T 1
#define HAVE_SOCKLEN_T 1
#define HAVE_IN_ADDR_T 1
#define HAVE_IN_PORT_T 1
#define RETSIGTYPE void
#define HAVE_FLOOR 1
#define HAVE_FTRUNCATE 1
#define HAVE_GETHOSTBYADDR 1
#define HAVE_GETHOSTBYNAME 1
#define HAVE_GETHOSTNAME 1
#define HAVE_GETTIMEOFDAY 1
#define HAVE_INET_NTOA 1
#define HAVE_MEMSET 1
#define HAVE_SELECT 1
#define HAVE_SOCKET 1
#define HAVE_SQRT 1
#define HAVE_STRCASECMP 1
#define HAVE_STRERROR 1
#define HAVE_STRNCASECMP 1
#define HAVE_STRTOL 1
#define HAVE_UNAME 1
#define HAVE_FTIME 1
#define HAVE_GETOPT 1
#define HAVE_SETITIMER 1
#define HAVE_YP_MATCH 1


configure: exit 0
